<?xml version="1.0" encoding="UTF-8"?>
<testng-results skipped="3" failed="0" total="5" passed="2">
  <reporter-output>
  </reporter-output>
  <suite name="Command line suite" duration-ms="6063" started-at="2016-06-20T20:00:53Z" finished-at="2016-06-20T20:00:59Z">
    <groups>
    </groups>
    <test name="Command line test" duration-ms="6063" started-at="2016-06-20T20:00:53Z" finished-at="2016-06-20T20:00:59Z">
      <class name="com.intigua.applitools.LoginPageTest">
        <test-method status="PASS" signature="handleTestMethodName(java.lang.reflect.Method)[pri:0, instance:com.intigua.applitools.LoginPageTest@64bce832]" name="handleTestMethodName" is-config="true" duration-ms="5" started-at="2016-06-20T23:00:58Z" finished-at="2016-06-20T23:00:58Z">
          <params>
            <param index="0">
              <value>
                <![CDATA[public void com.intigua.applitools.LoginPageTest.clickCompliancePage()]]>
              </value>
            </param>
          </params>
          <reporter-output>
          </reporter-output>
        </test-method> <!-- handleTestMethodName -->
        <test-method status="PASS" signature="clickCompliancePage()[pri:0, instance:com.intigua.applitools.LoginPageTest@64bce832]" name="clickCompliancePage" duration-ms="1394" started-at="2016-06-20T23:00:58Z" finished-at="2016-06-20T23:00:59Z">
          <reporter-output>
          </reporter-output>
        </test-method> <!-- clickCompliancePage -->
        <test-method status="PASS" signature="captureScreen()[pri:0, instance:com.intigua.applitools.LoginPageTest@64bce832]" name="captureScreen" is-config="true" duration-ms="0" started-at="2016-06-20T23:00:59Z" finished-at="2016-06-20T23:00:59Z">
          <reporter-output>
          </reporter-output>
        </test-method> <!-- captureScreen -->
        <test-method status="FAIL" signature="handleTestMethodName(java.lang.reflect.Method)[pri:0, instance:com.intigua.applitools.LoginPageTest@64bce832]" name="handleTestMethodName" is-config="true" duration-ms="0" started-at="2016-06-20T23:00:59Z" finished-at="2016-06-20T23:00:59Z">
          <params>
            <param index="0">
              <value>
                <![CDATA[public void com.intigua.applitools.LoginPageTest.clickLibrary()]]>
              </value>
            </param>
          </params>
          <exception class="com.applitools.eyes.EyesException">
            <message>
              <![CDATA[com.applitools.eyes.EyesException: A test is already running]]>
            </message>
            <full-stacktrace>
              <![CDATA[com.applitools.eyes.EyesException: com.applitools.eyes.EyesException: A test is already running
	at com.intigua.applitools.IntiguaApplitoolsDriver.initTest(IntiguaApplitoolsDriver.java:74)
	at com.intigua.applitools.LoginPageTest.handleTestMethodName(LoginPageTest.java:20)
	at sun.reflect.NativeMethodAccessorImpl.invoke0(Native Method)
	at sun.reflect.NativeMethodAccessorImpl.invoke(NativeMethodAccessorImpl.java:62)
	at sun.reflect.DelegatingMethodAccessorImpl.invoke(DelegatingMethodAccessorImpl.java:43)
	at java.lang.reflect.Method.invoke(Method.java:498)
	at org.testng.internal.MethodInvocationHelper.invokeMethod(MethodInvocationHelper.java:80)
	at org.testng.internal.Invoker.invokeConfigurationMethod(Invoker.java:564)
	at org.testng.internal.Invoker.invokeConfigurations(Invoker.java:213)
	at org.testng.internal.Invoker.invokeMethod(Invoker.java:653)
	at org.testng.internal.Invoker.invokeTestMethod(Invoker.java:901)
	at org.testng.internal.Invoker.invokeTestMethods(Invoker.java:1231)
	at org.testng.internal.TestMethodWorker.invokeTestMethods(TestMethodWorker.java:127)
	at org.testng.internal.TestMethodWorker.run(TestMethodWorker.java:111)
	at org.testng.TestRunner.privateRun(TestRunner.java:767)
	at org.testng.TestRunner.run(TestRunner.java:617)
	at org.testng.SuiteRunner.runTest(SuiteRunner.java:334)
	at org.testng.SuiteRunner.runSequentially(SuiteRunner.java:329)
	at org.testng.SuiteRunner.privateRun(SuiteRunner.java:291)
	at org.testng.SuiteRunner.run(SuiteRunner.java:240)
	at org.testng.SuiteRunnerWorker.runSuite(SuiteRunnerWorker.java:52)
	at org.testng.SuiteRunnerWorker.run(SuiteRunnerWorker.java:86)
	at org.testng.TestNG.runSuitesSequentially(TestNG.java:1198)
	at org.testng.TestNG.runSuitesLocally(TestNG.java:1123)
	at org.testng.TestNG.run(TestNG.java:1031)
	at org.apache.maven.surefire.testng.TestNGExecutor.run(TestNGExecutor.java:70)
	at org.apache.maven.surefire.testng.TestNGDirectoryTestSuite.executeMulti(TestNGDirectoryTestSuite.java:158)
	at org.apache.maven.surefire.testng.TestNGDirectoryTestSuite.execute(TestNGDirectoryTestSuite.java:98)
	at org.apache.maven.surefire.testng.TestNGProvider.invoke(TestNGProvider.java:111)
	at sun.reflect.NativeMethodAccessorImpl.invoke0(Native Method)
	at sun.reflect.NativeMethodAccessorImpl.invoke(NativeMethodAccessorImpl.java:62)
	at sun.reflect.DelegatingMethodAccessorImpl.invoke(DelegatingMethodAccessorImpl.java:43)
	at java.lang.reflect.Method.invoke(Method.java:498)
	at org.apache.maven.surefire.util.ReflectionUtils.invokeMethodWithArray(ReflectionUtils.java:164)
	at org.apache.maven.surefire.booter.ProviderFactory$ProviderProxy.invoke(ProviderFactory.java:110)
	at org.apache.maven.surefire.booter.SurefireStarter.invokeProvider(SurefireStarter.java:175)
	at org.apache.maven.surefire.booter.SurefireStarter.runSuitesInProcessWhenForked(SurefireStarter.java:107)
	at org.apache.maven.surefire.booter.ForkedBooter.main(ForkedBooter.java:68)
]]>
            </full-stacktrace>
          </exception> <!-- com.applitools.eyes.EyesException -->
          <reporter-output>
          </reporter-output>
        </test-method> <!-- handleTestMethodName -->
        <test-method status="SKIP" signature="clickLibrary()[pri:0, instance:com.intigua.applitools.LoginPageTest@64bce832]" name="clickLibrary" duration-ms="0" started-at="2016-06-20T23:00:59Z" finished-at="2016-06-20T23:00:59Z">
          <reporter-output>
          </reporter-output>
        </test-method> <!-- clickLibrary -->
        <test-method status="SKIP" signature="captureScreen()[pri:0, instance:com.intigua.applitools.LoginPageTest@64bce832]" name="captureScreen" is-config="true" duration-ms="0" started-at="2016-06-20T23:00:59Z" finished-at="2016-06-20T23:00:59Z">
          <reporter-output>
          </reporter-output>
        </test-method> <!-- captureScreen -->
        <test-method status="SKIP" signature="handleTestMethodName(java.lang.reflect.Method)[pri:0, instance:com.intigua.applitools.LoginPageTest@64bce832]" name="handleTestMethodName" is-config="true" duration-ms="0" started-at="2016-06-20T23:00:59Z" finished-at="2016-06-20T23:00:59Z">
          <reporter-output>
          </reporter-output>
        </test-method> <!-- handleTestMethodName -->
        <test-method status="SKIP" signature="clickServers()[pri:0, instance:com.intigua.applitools.LoginPageTest@64bce832]" name="clickServers" duration-ms="0" started-at="2016-06-20T23:00:59Z" finished-at="2016-06-20T23:00:59Z">
          <reporter-output>
          </reporter-output>
        </test-method> <!-- clickServers -->
        <test-method status="SKIP" signature="handleTestMethodName(java.lang.reflect.Method)[pri:0, instance:com.intigua.applitools.LoginPageTest@64bce832]" name="handleTestMethodName" is-config="true" duration-ms="0" started-at="2016-06-20T23:00:59Z" finished-at="2016-06-20T23:00:59Z">
          <reporter-output>
          </reporter-output>
        </test-method> <!-- handleTestMethodName -->
        <test-method status="SKIP" signature="captureScreen()[pri:0, instance:com.intigua.applitools.LoginPageTest@64bce832]" name="captureScreen" is-config="true" duration-ms="0" started-at="2016-06-20T23:00:59Z" finished-at="2016-06-20T23:00:59Z">
          <reporter-output>
          </reporter-output>
        </test-method> <!-- captureScreen -->
        <test-method status="SKIP" signature="newClickLibrary()[pri:0, instance:com.intigua.applitools.LoginPageTest@64bce832]" name="newClickLibrary" duration-ms="0" started-at="2016-06-20T23:00:59Z" finished-at="2016-06-20T23:00:59Z">
          <reporter-output>
          </reporter-output>
        </test-method> <!-- newClickLibrary -->
        <test-method status="SKIP" signature="captureScreen()[pri:0, instance:com.intigua.applitools.LoginPageTest@64bce832]" name="captureScreen" is-config="true" duration-ms="0" started-at="2016-06-20T23:00:59Z" finished-at="2016-06-20T23:00:59Z">
          <reporter-output>
          </reporter-output>
        </test-method> <!-- captureScreen -->
      </class> <!-- com.intigua.applitools.LoginPageTest -->
      <class name="com.intigua.applitools.ComplianceDashboardTest">
        <test-method status="PASS" signature="login()[pri:0, instance:com.intigua.applitools.ComplianceDashboardTest@38089a5a]" name="login" is-config="true" duration-ms="8" started-at="2016-06-20T23:00:53Z" finished-at="2016-06-20T23:00:53Z">
          <reporter-output>
          </reporter-output>
        </test-method> <!-- login -->
        <test-method status="PASS" signature="login()[pri:0, instance:com.intigua.applitools.LoginPageTest@64bce832]" name="login" is-config="true" duration-ms="4642" started-at="2016-06-20T23:00:53Z" finished-at="2016-06-20T23:00:58Z">
          <reporter-output>
          </reporter-output>
        </test-method> <!-- login -->
        <test-method status="PASS" signature="testDashboard()[pri:0, instance:com.intigua.applitools.ComplianceDashboardTest@38089a5a]" name="testDashboard" duration-ms="0" started-at="2016-06-20T23:00:58Z" finished-at="2016-06-20T23:00:58Z">
          <reporter-output>
          </reporter-output>
        </test-method> <!-- testDashboard -->
        <test-method status="PASS" signature="close()[pri:0, instance:com.intigua.applitools.ComplianceDashboardTest@38089a5a]" name="close" is-config="true" duration-ms="0" started-at="2016-06-20T23:00:59Z" finished-at="2016-06-20T23:00:59Z">
          <reporter-output>
          </reporter-output>
        </test-method> <!-- close -->
        <test-method status="SKIP" signature="close()[pri:0, instance:com.intigua.applitools.LoginPageTest@64bce832]" name="close" is-config="true" duration-ms="0" started-at="2016-06-20T23:00:59Z" finished-at="2016-06-20T23:00:59Z">
          <reporter-output>
          </reporter-output>
        </test-method> <!-- close -->
      </class> <!-- com.intigua.applitools.ComplianceDashboardTest -->
    </test> <!-- Command line test -->
  </suite> <!-- Command line suite -->
</testng-results>
