<?xml version="1.0" encoding="UTF-8" ?>
<testsuite tests="12" failures="1" name="TestSuite" time="10.851" errors="0" skipped="9">
  <properties>
[...]
</properties>
  <testcase classname="com.intigua.applitools.ComplianceDashboardTest" name="testDashboard" time="0"/>
  <testcase classname="com.intigua.applitools.LoginPageTest" name="clickCompliancePage" time="1.394"/>
  <testcase classname="com.intigua.applitools.LoginPageTest" name="handleTestMethodName" time="1.397">
    <failure message="com.applitools.eyes.EyesException: A test is already running" type="com.applitools.eyes.EyesException">com.applitools.eyes.EyesException: com.applitools.eyes.EyesException: A test is already running
	at com.intigua.applitools.IntiguaApplitoolsDriver.initTest(IntiguaApplitoolsDriver.java:74)
	at com.intigua.applitools.LoginPageTest.handleTestMethodName(LoginPageTest.java:20)
</failure>
  </testcase>
  <testcase classname="com.intigua.applitools.LoginPageTest" name="clickLibrary" time="0">
    <skipped/>
  </testcase>
  <testcase classname="com.intigua.applitools.LoginPageTest" name="captureScreen" time="0">
    <skipped/>
  </testcase>
  <testcase classname="com.intigua.applitools.LoginPageTest" name="handleTestMethodName" time="0">
    <skipped/>
  </testcase>
  <testcase classname="com.intigua.applitools.LoginPageTest" name="clickServers" time="0">
    <skipped/>
  </testcase>
  <testcase classname="com.intigua.applitools.LoginPageTest" name="captureScreen" time="0">
    <skipped/>
  </testcase>
  <testcase classname="com.intigua.applitools.LoginPageTest" name="handleTestMethodName" time="0">
    <skipped/>
  </testcase>
  <testcase classname="com.intigua.applitools.LoginPageTest" name="newClickLibrary" time="0">
    <skipped/>
  </testcase>
  <testcase classname="com.intigua.applitools.LoginPageTest" name="captureScreen" time="0">
    <skipped/>
  </testcase>
  <testcase classname="com.intigua.applitools.ComplianceDashboardTest" name="close" time="0.001">
    <skipped/>
  </testcase>
</testsuite>