<?xml version="1.0" encoding="UTF-8"?>
<!-- Generated by org.testng.reporters.JUnitXMLReporter -->
<testsuite hostname="Guy-MacbookPro.local" name="Command line test" tests="5" failures="0" timestamp="20 Jun 2016 20:00:59 GMT" time="6.063" errors="0">
  <testcase name="@BeforeMethod handleTestMethodName" time="0.0" classname="com.intigua.applitools.LoginPageTest">
    <failure type="com.applitools.eyes.EyesException" message="com.applitools.eyes.EyesException: A test is already running">
      <![CDATA[com.applitools.eyes.EyesException: com.applitools.eyes.EyesException: A test is already running
	at com.intigua.applitools.IntiguaApplitoolsDriver.initTest(IntiguaApplitoolsDriver.java:74)
	at com.intigua.applitools.LoginPageTest.handleTestMethodName(LoginPageTest.java:20)
	at org.apache.maven.surefire.testng.TestNGExecutor.run(TestNGExecutor.java:70)
	at org.apache.maven.surefire.testng.TestNGDirectoryTestSuite.executeMulti(TestNGDirectoryTestSuite.java:158)
	at org.apache.maven.surefire.testng.TestNGDirectoryTestSuite.execute(TestNGDirectoryTestSuite.java:98)
	at org.apache.maven.surefire.testng.TestNGProvider.invoke(TestNGProvider.java:111)
	at org.apache.maven.surefire.util.ReflectionUtils.invokeMethodWithArray(ReflectionUtils.java:164)
	at org.apache.maven.surefire.booter.ProviderFactory$ProviderProxy.invoke(ProviderFactory.java:110)
	at org.apache.maven.surefire.booter.SurefireStarter.invokeProvider(SurefireStarter.java:175)
	at org.apache.maven.surefire.booter.SurefireStarter.runSuitesInProcessWhenForked(SurefireStarter.java:107)
	at org.apache.maven.surefire.booter.ForkedBooter.main(ForkedBooter.java:68)
... Removed 27 stack frames]]>
    </failure>
  </testcase> <!-- @BeforeMethod handleTestMethodName -->
  <testcase name="@AfterMethod captureScreen" time="0.0" classname="com.intigua.applitools.LoginPageTest">
    <skipped/>
  </testcase> <!-- @AfterMethod captureScreen -->
  <testcase name="@BeforeMethod handleTestMethodName" time="0.0" classname="com.intigua.applitools.LoginPageTest">
    <skipped/>
  </testcase> <!-- @BeforeMethod handleTestMethodName -->
  <testcase name="@AfterMethod captureScreen" time="0.0" classname="com.intigua.applitools.LoginPageTest">
    <skipped/>
  </testcase> <!-- @AfterMethod captureScreen -->
  <testcase name="@BeforeMethod handleTestMethodName" time="0.0" classname="com.intigua.applitools.LoginPageTest">
    <skipped/>
  </testcase> <!-- @BeforeMethod handleTestMethodName -->
  <testcase name="@AfterMethod captureScreen" time="0.0" classname="com.intigua.applitools.LoginPageTest">
    <skipped/>
  </testcase> <!-- @AfterMethod captureScreen -->
  <testcase name="@AfterTest close" time="0.0" classname="com.intigua.applitools.ComplianceDashboardTest">
    <skipped/>
  </testcase> <!-- @AfterTest close -->
  <testcase name="testDashboard" time="0.0" classname="com.intigua.applitools.ComplianceDashboardTest"/>
  <testcase name="clickCompliancePage" time="1.394" classname="com.intigua.applitools.LoginPageTest"/>
  <testcase name="clickLibrary" time="0.0" classname="com.intigua.applitools.LoginPageTest">
    <skipped/>
  </testcase> <!-- clickLibrary -->
  <testcase name="clickServers" time="0.0" classname="com.intigua.applitools.LoginPageTest">
    <skipped/>
  </testcase> <!-- clickServers -->
  <testcase name="newClickLibrary" time="0.0" classname="com.intigua.applitools.LoginPageTest">
    <skipped/>
  </testcase> <!-- newClickLibrary -->
</testsuite> <!-- Command line test -->
